2024-04-06 19:02:34,489:##thread_oUY0SdDiiVx0YCTb4rHFmRVw## | User: ciao ci sei? - Bot: Ciao! Sì, ci sono. Come posso aiutarti oggi?
2024-04-06 19:05:08,298:##thread_oUY0SdDiiVx0YCTb4rHFmRVw## | User: Ciao, ci sei Marco?
 - Bot: Mi chiamo Mark, ma sono qui per aiutarti. Come posso assisterti oggi?
2024-04-06 19:05:58,365:##thread_oUY0SdDiiVx0YCTb4rHFmRVw## | User: Mark, ci sei? Stai rispondendo?
 - Bot: Sì, sono qui e pronto a rispondere alle tue domande. Come posso assisterti?
2024-04-06 19:10:31,669:##thread_oUY0SdDiiVx0YCTb4rHFmRVw## | User: puoi prendere un appuntamento? - Bot: Mi dispiace, ma come assistente virtuale non ho la capacità di gestire appuntamenti direttamente. Posso offrirti informazioni e assistenza su Okey Host e le nostre formule. Come posso aiutarti in altro modo?
2024-04-06 19:11:04,336:##thread_oUY0SdDiiVx0YCTb4rHFmRVw## | User: ma nelle tue linee guida hai questa indicazione. cosa dovresti fare in caso qualcuno ti chieda un appuntamento? - Bot: Mi scuso per il malinteso. Come assistente virtuale, non ho accesso diretto all'agenda o la possibilità di configurare appuntamenti. Tuttavia, posso consigliarti di contattare direttamente Okey Host tramite i nostri canali ufficiali per fissare un appuntamento. Saremo lieti di assisterti ulteriormente in quel contesto. C'è qualcos'altro su cui posso aiutarti?
2024-04-06 19:13:53,815:##thread_oUY0SdDiiVx0YCTb4rHFmRVw## | User: ora puoi prendere appuntamenti? - Bot: None
2024-04-06 19:14:13,104:##thread_oUY0SdDiiVx0YCTb4rHFmRVw## | User: cosa dovresti fare quando qualcuno ti chiede di fissare un appuntamento? - Bot: None
2024-04-06 19:34:25,056:##thread_oUY0SdDiiVx0YCTb4rHFmRVw## | User: tutto ok? - Bot: Sì, tutto bene, grazie! Come posso assisterti oggi? Hai domande su Okey Host o su qualcos'altro?
2024-04-06 19:35:00,275:##thread_oUY0SdDiiVx0YCTb4rHFmRVw## | User: tutto ok? - Bot: Sì, tutto a posto, grazie! Se hai domande o hai bisogno di assistenza riguardo ai servizi di Okey Host, sono qui per aiutarti. Come posso essere d'aiuto?
2024-04-06 19:35:12,564:##thread_oUY0SdDiiVx0YCTb4rHFmRVw## | User: puoi prendere un appuntamento? - Bot: None
2024-04-06 19:36:31,621:##thread_oUY0SdDiiVx0YCTb4rHFmRVw## | User: puoi prendre un appuntamento? - Bot: None
2024-04-06 19:39:08,809:##thread_oUY0SdDiiVx0YCTb4rHFmRVw## | User: appuntamento - Bot: None
2024-04-06 19:39:35,430:##thread_oUY0SdDiiVx0YCTb4rHFmRVw## | User: appuntamento - Bot: None
2024-04-06 19:40:17,110:##thread_oUY0SdDiiVx0YCTb4rHFmRVw## | User: appuntamento - Bot: None
2024-04-06 19:41:02,060:##thread_oUY0SdDiiVx0YCTb4rHFmRVw## | User: appuntamento - Bot: None
2024-04-06 19:41:43,023:##thread_oUY0SdDiiVx0YCTb4rHFmRVw## | User: appuntamento - Bot: None
2024-04-06 19:42:16,196:##thread_oUY0SdDiiVx0YCTb4rHFmRVw## | User: appuntamento - Bot: None
2024-04-06 19:43:13,234:##thread_oUY0SdDiiVx0YCTb4rHFmRVw## | User: appuntamento - Bot: None
2024-04-06 19:43:28,970:##thread_oUY0SdDiiVx0YCTb4rHFmRVw## | User: appuntamento - Bot: None
2024-04-06 19:49:05,800:##thread_oUY0SdDiiVx0YCTb4rHFmRVw## | User: appuntamento - Bot: None
2024-04-06 19:49:57,205:##thread_oUY0SdDiiVx0YCTb4rHFmRVw## | User: appuntamento - Bot: None
2024-04-06 19:50:26,463:##thread_oUY0SdDiiVx0YCTb4rHFmRVw## | User: appuntamento - Bot: None
2024-04-06 19:55:22,939:##thread_oUY0SdDiiVx0YCTb4rHFmRVw## | User: appuntamento - Bot: None
2024-04-06 19:55:36,555:##thread_oUY0SdDiiVx0YCTb4rHFmRVw## | User: appuntamento - Bot: None
2024-04-06 19:57:39,784:##thread_oUY0SdDiiVx0YCTb4rHFmRVw## | User: appuntamento - Bot: None
2024-04-06 20:02:41,929:##thread_oUY0SdDiiVx0YCTb4rHFmRVw## | User: ppuntamento - Bot: None
2024-04-06 20:04:26,603:##thread_oUY0SdDiiVx0YCTb4rHFmRVw## | User: appuntamento - Bot: None
2024-04-06 20:09:23,834:##thread_oUY0SdDiiVx0YCTb4rHFmRVw## | User: appuntamento - Bot: None
2024-04-06 20:14:08,219:##thread_oUY0SdDiiVx0YCTb4rHFmRVw## | User: appuntamento - Bot: None
2024-04-06 20:14:51,001:##thread_oUY0SdDiiVx0YCTb4rHFmRVw## | User: appuntamento - Bot: None
2024-04-06 20:16:16,401:##thread_oUY0SdDiiVx0YCTb4rHFmRVw## | User: appuntamento - Bot: None
2024-04-06 20:19:22,973:##thread_oUY0SdDiiVx0YCTb4rHFmRVw## | User: appuntamento - Bot: None
2024-04-06 20:22:15,424:##thread_oUY0SdDiiVx0YCTb4rHFmRVw## | User: appuntamento - Bot: None
2024-04-06 20:23:38,249:##thread_oUY0SdDiiVx0YCTb4rHFmRVw## | User: appuntamento - Bot: None
2024-04-06 20:24:19,107:##thread_oUY0SdDiiVx0YCTb4rHFmRVw## | User: appuntamento - Bot: None
2024-04-06 20:27:15,136:##thread_oUY0SdDiiVx0YCTb4rHFmRVw## | User: appuntamento - Bot: None
2024-04-06 20:27:32,235:##thread_oUY0SdDiiVx0YCTb4rHFmRVw## | User: appuntamento - Bot: None
2024-04-06 20:28:45,757:##thread_oUY0SdDiiVx0YCTb4rHFmRVw## | User: appuntamento - Bot: None
2024-04-06 20:28:59,587:##thread_oUY0SdDiiVx0YCTb4rHFmRVw## | User: appuntamento - Bot: None
2024-04-06 20:32:01,755:##thread_oUY0SdDiiVx0YCTb4rHFmRVw## | User: appuntamento - Bot: None
2024-04-06 20:32:13,121:##thread_oUY0SdDiiVx0YCTb4rHFmRVw## | User: appuntmaneot - Bot: Mi dispiace, non riesco a comprendere. Potresti per cortesia riformulare la tua richiesta?
2024-04-06 20:32:21,311:##thread_oUY0SdDiiVx0YCTb4rHFmRVw## | User: appuntmaneot - Bot: Mi dispiace, sembra ci sia stato un errore di battitura. Se stai cercando di richiedere un appuntamento, la risposta corretta sarebbe: .
2024-04-06 20:32:34,624:##thread_oUY0SdDiiVx0YCTb4rHFmRVw## | User: appuntamento - Bot: None
2024-04-09 19:12:01,912:##thread_rdFMLm4ZjJvW57STdecwiNwn## | User: appuntamento - Bot: None
2024-04-09 19:20:31,907:##thread_rdFMLm4ZjJvW57STdecwiNwn## | User: appuntamento - Bot: None
2024-04-09 19:21:16,816:##thread_rdFMLm4ZjJvW57STdecwiNwn## | User: puoi prendere un appuntamento - Bot: None
2024-04-19 14:38:57,592:##thread_XPUkojAmaUheMpu4YMQMUi3X## | User: prendi un appuntamento - Bot: None
2024-04-19 14:51:04,601:##thread_XPUkojAmaUheMpu4YMQMUi3X## | User: appuntamento - Bot: None
2024-04-19 14:51:34,939:##thread_XPUkojAmaUheMpu4YMQMUi3X## | User: appuntamento - Bot: None
2024-04-19 14:53:57,377:##thread_XPUkojAmaUheMpu4YMQMUi3X## | User: appuntamento - Bot: None
2024-04-19 14:54:37,927:##thread_XPUkojAmaUheMpu4YMQMUi3X## | User: appuntamento - Bot: None
2024-04-19 14:56:21,620:##thread_XPUkojAmaUheMpu4YMQMUi3X## | User: appuntamento - Bot: None
2024-04-19 14:57:43,679:##thread_XPUkojAmaUheMpu4YMQMUi3X## | User: appuntamento - Bot: None
2024-04-19 15:01:21,590:##thread_XPUkojAmaUheMpu4YMQMUi3X## | User: appuntamento - Bot: None
2024-04-19 15:02:01,727:##thread_XPUkojAmaUheMpu4YMQMUi3X## | User: appuntamento - Bot: None
2024-04-19 15:02:45,059:##thread_XPUkojAmaUheMpu4YMQMUi3X## | User: appuntmaneot - Bot: None
2024-04-19 15:05:01,644:##thread_XPUkojAmaUheMpu4YMQMUi3X## | User: appuntamento - Bot: None
2024-04-19 15:05:54,788:##thread_XPUkojAmaUheMpu4YMQMUi3X## | User: appuntamento - Bot: None
2024-04-19 15:07:49,279:##thread_XPUkojAmaUheMpu4YMQMUi3X## | User: appuntamento - Bot: None
2024-04-19 15:08:31,769:##thread_XPUkojAmaUheMpu4YMQMUi3X## | User: appuntamento - Bot: None
2024-04-19 15:09:14,174:##thread_XPUkojAmaUheMpu4YMQMUi3X## | User: appuntamento - Bot: None
2024-04-19 15:11:25,315:##thread_XPUkojAmaUheMpu4YMQMUi3X## | User: appuntamento - Bot: None
2024-04-19 15:12:25,858:##thread_XPUkojAmaUheMpu4YMQMUi3X## | User: appuntmaneto - Bot: None
2024-04-19 15:14:31,409:##thread_XPUkojAmaUheMpu4YMQMUi3X## | User: appuntamento - Bot: None
2024-04-19 15:17:53,241:##thread_XPUkojAmaUheMpu4YMQMUi3X## | User: appuntamento - Bot: None
2024-04-19 15:19:11,146:##thread_XPUkojAmaUheMpu4YMQMUi3X## | User: appuntamento - Bot: None
2024-04-19 15:19:25,715:##thread_XPUkojAmaUheMpu4YMQMUi3X## | User: appuntamento - Bot: None
2024-04-19 15:19:41,237:##thread_XPUkojAmaUheMpu4YMQMUi3X## | User: appuntamento - Bot: None
2024-05-11 19:31:07,657:##thread_SRlggbcsCkpa5bWnXIv1dKXl## | User: appuntamento - Bot: None
2024-05-11 19:37:41,826:##thread_SRlggbcsCkpa5bWnXIv1dKXl## | User: appuntamento - Bot: None
2024-05-11 19:39:31,911:##thread_SRlggbcsCkpa5bWnXIv1dKXl## | User: appuntamento - Bot: None
2024-05-11 19:39:56,275:##thread_SRlggbcsCkpa5bWnXIv1dKXl## | User: appuntmaneot - Bot: None
2024-11-15 09:59:50,104:##thread_ZG1NKmkwRFJAi6uAxiY87VrR## | User: prova - Bot: None
2024-11-15 10:00:01,253:##thread_ZG1NKmkwRFJAi6uAxiY87VrR## | User: sei online? - Bot: None
2024-11-15 10:03:05,970:##thread_ZG1NKmkwRFJAi6uAxiY87VrR## | User: mi ciedoasd sei online?? - Bot: None
2024-11-15 10:03:16,124:##thread_ZG1NKmkwRFJAi6uAxiY87VrR## | User: sei onlein? - Bot: None
2024-11-15 10:03:29,335:##thread_ZG1NKmkwRFJAi6uAxiY87VrR## | User: online? - Bot: None
2024-11-15 10:05:39,977:##thread_ZG1NKmkwRFJAi6uAxiY87VrR## | User: prova - Bot: None
2024-11-15 10:11:53,288:##thread_ZG1NKmkwRFJAi6uAxiY87VrR## | User: sei online? - Bot: None
2024-11-15 10:23:08,888:##thread_t1ZT6A97l2am6BSoZaaDXPNe## | User: come ti chiami? - Bot: Mi chiamo Mark. Sono qui per aiutarti a conoscere meglio Okey Host e le nostre offerte. Come posso assisterti oggi? 😊
2024-11-15 10:23:26,085:##thread_t1ZT6A97l2am6BSoZaaDXPNe## | User: non lo so dimmi tu - Bot: Certo! Okey Host è un'azienda che si occupa di gestione di case vacanza. Offriamo soluzioni per i proprietari di immobili che desiderano affittare le loro proprietà a turisti. Le nostre due formule principali sono:

<b>1. Gestione Conto Terzi:</b>
   - Ci occupiamo di tutta la gestione dell'immobile.
   - Garantiamo una maggiore visibilità online e ottimizzazione delle prenotazioni.
   - Ci occupiamo della manutenzione e della pulizia.

<b>2. Rent to Rent:</b>
   - Affittiamo la tua proprietà per un periodo concordato.
   - Ci occupiamo di gestirla come casa vacanza.
   - Tu ricevi un reddito garantito senza preoccupazioni.

Se desideri approfondire uno di questi punti o hai domande specifiche, fammi sapere! 😊
2024-11-15 10:23:33,046:##thread_t1ZT6A97l2am6BSoZaaDXPNe## | User: sei online? - Bot: Sono sempre qui e pronto ad aiutarti! 😊 Se hai domande su Okey Host o su come possiamo supportarti nella gestione della tua proprietà, non esitare a chiedere!
2024-11-15 09:24:17,038:##thread_VVv5EjBpo1NysDbcI2w7vmN1## | User: sei online? - Bot: Sì, sono qui! Come posso aiutarti oggi? 😊
2024-11-15 09:28:05,907:##thread_UYgTzKiJaP64Yqp31MdR4KuU## | User: sei online? - Bot: Sì, sono online e sono qui per aiutarti! Come posso assisterti oggi? 😊
